<?xml version="1.0" encoding="UTF-8"?>
<testng-results ignored="0" total="2" passed="1" failed="1" skipped="0">
  <reporter-output>
  </reporter-output>
  <suite started-at="2024-10-10T12:22:43 IST" name="Default suite" finished-at="2024-10-10T12:23:31 IST" duration-ms="47934">
    <groups>
    </groups>
    <test started-at="2024-10-10T12:22:43 IST" name="Default test" finished-at="2024-10-10T12:23:31 IST" duration-ms="47934">
      <class name="testCases.Test_Case_ID_001">
        <test-method is-config="true" signature="Launch()[pri:0, instance:testCases.Test_Case_ID_001@5032714f]" started-at="2024-10-10T12:21:53 IST" name="Launch" finished-at="2024-10-10T12:22:43 IST" duration-ms="49264" status="PASS">
          <reporter-output>
          </reporter-output>
        </test-method> <!-- Launch -->
        <test-method signature="LoginPage()[pri:0, instance:testCases.Test_Case_ID_001@5032714f]" started-at="2024-10-10T12:22:43 IST" name="LoginPage" finished-at="2024-10-10T12:23:28 IST" duration-ms="45468" status="PASS">
          <reporter-output>
          </reporter-output>
        </test-method> <!-- LoginPage -->
        <test-method is-config="true" signature="screenshot()[pri:0, instance:testCases.Test_Case_ID_001@5032714f]" started-at="2024-10-10T12:23:28 IST" name="screenshot" finished-at="2024-10-10T12:23:29 IST" duration-ms="231" status="PASS">
          <reporter-output>
          </reporter-output>
        </test-method> <!-- screenshot -->
        <test-method signature="NewCustom1()[pri:1, instance:testCases.Test_Case_ID_001@5032714f]" started-at="2024-10-10T12:23:29 IST" name="NewCustom1" finished-at="2024-10-10T12:23:30 IST" duration-ms="1929" status="FAIL">
          <exception class="java.lang.IllegalArgumentException">
            <message>
              <![CDATA[Driver must be set]]>
            </message>
            <full-stacktrace>
              <![CDATA[java.lang.IllegalArgumentException: Driver must be set
at org.openqa.selenium.internal.Require.nonNull(Require.java:61)
at org.openqa.selenium.interactions.Actions.<init>(Actions.java:59)
at pageObjects_001.Gtpl_HomePage.Home_Objects(Gtpl_HomePage.java:32)
at testCases.Test_Case_ID_001.NewCustom1(Test_Case_ID_001.java:26)
at java.base/jdk.internal.reflect.NativeMethodAccessorImpl.invoke0(Native Method)
at java.base/jdk.internal.reflect.NativeMethodAccessorImpl.invoke(NativeMethodAccessorImpl.java:62)
at java.base/jdk.internal.reflect.DelegatingMethodAccessorImpl.invoke(DelegatingMethodAccessorImpl.java:43)
at java.base/java.lang.reflect.Method.invoke(Method.java:566)
at org.testng.internal.invokers.MethodInvocationHelper.invokeMethod(MethodInvocationHelper.java:139)
at org.testng.internal.invokers.TestInvoker.invokeMethod(TestInvoker.java:677)
at org.testng.internal.invokers.TestInvoker.invokeTestMethod(TestInvoker.java:221)
at org.testng.internal.invokers.MethodRunner.runInSequence(MethodRunner.java:50)
at org.testng.internal.invokers.TestInvoker$MethodInvocationAgent.invoke(TestInvoker.java:969)
at org.testng.internal.invokers.TestInvoker.invokeTestMethods(TestInvoker.java:194)
at org.testng.internal.invokers.TestMethodWorker.invokeTestMethods(TestMethodWorker.java:148)
at org.testng.internal.invokers.TestMethodWorker.run(TestMethodWorker.java:128)
at java.base/java.util.ArrayList.forEach(ArrayList.java:1541)
at org.testng.TestRunner.privateRun(TestRunner.java:829)
at org.testng.TestRunner.run(TestRunner.java:602)
at org.testng.SuiteRunner.runTest(SuiteRunner.java:437)
at org.testng.SuiteRunner.runSequentially(SuiteRunner.java:431)
at org.testng.SuiteRunner.privateRun(SuiteRunner.java:391)
at org.testng.SuiteRunner.run(SuiteRunner.java:330)
at org.testng.SuiteRunnerWorker.runSuite(SuiteRunnerWorker.java:52)
at org.testng.SuiteRunnerWorker.run(SuiteRunnerWorker.java:95)
at org.testng.TestNG.runSuitesSequentially(TestNG.java:1256)
at org.testng.TestNG.runSuitesLocally(TestNG.java:1176)
at org.testng.TestNG.runSuites(TestNG.java:1099)
at org.testng.TestNG.run(TestNG.java:1067)
at org.testng.remote.AbstractRemoteTestNG.run(AbstractRemoteTestNG.java:115)
at org.testng.remote.RemoteTestNG.initAndRun(RemoteTestNG.java:293)
at org.testng.remote.RemoteTestNG.main(RemoteTestNG.java:91)
]]>
            </full-stacktrace>
          </exception> <!-- java.lang.IllegalArgumentException -->
          <reporter-output>
          </reporter-output>
        </test-method> <!-- NewCustom1 -->
        <test-method is-config="true" signature="screenshot()[pri:0, instance:testCases.Test_Case_ID_001@5032714f]" started-at="2024-10-10T12:23:30 IST" name="screenshot" finished-at="2024-10-10T12:23:31 IST" duration-ms="164" status="PASS">
          <reporter-output>
          </reporter-output>
        </test-method> <!-- screenshot -->
      </class> <!-- testCases.Test_Case_ID_001 -->
    </test> <!-- Default test -->
  </suite> <!-- Default suite -->
</testng-results>
